The system is: Linux - 3.10.98-poky-edison+ - i686
Compiling the C compiler identification source file "CMakeCCompilerId.c" succeeded.
Compiler: /usr/bin/cc 
Build flags: 
Id flags: 

The output was:
0


Compilation of the C compiler identification source "CMakeCCompilerId.c" produced "a.out"

The C compiler identification is GNU, found in "/home/root/server/SC2.0/build/CMakeFiles/3.3.2/CompilerIdC/a.out"

Compiling the CXX compiler identification source file "CMakeCXXCompilerId.cpp" succeeded.
Compiler: /usr/bin/c++ 
Build flags: 
Id flags: 

The output was:
0


Compilation of the CXX compiler identification source "CMakeCXXCompilerId.cpp" produced "a.out"

The CXX compiler identification is GNU, found in "/home/root/server/SC2.0/build/CMakeFiles/3.3.2/CompilerIdCXX/a.out"

Determining if the C compiler works passed with the following output:
Change Dir: /home/root/server/SC2.0/build/CMakeFiles/CMakeTmp

Run Build Command:"/usr/bin/make" "cmTC_edb5d/fast"
/usr/bin/make -f CMakeFiles/cmTC_edb5d.dir/build.make CMakeFiles/cmTC_edb5d.dir/build
make[1]: Entering directory '/home/root/server/SC2.0/build/CMakeFiles/CMakeTmp'
Building C object CMakeFiles/cmTC_edb5d.dir/testCCompiler.c.o
/usr/bin/cc    -o CMakeFiles/cmTC_edb5d.dir/testCCompiler.c.o   -c /home/root/server/SC2.0/build/CMakeFiles/CMakeTmp/testCCompiler.c
Linking C executable cmTC_edb5d
/usr/bin/cmake -E cmake_link_script CMakeFiles/cmTC_edb5d.dir/link.txt --verbose=1
/usr/bin/cc       CMakeFiles/cmTC_edb5d.dir/testCCompiler.c.o  -o cmTC_edb5d -rdynamic 
make[1]: Leaving directory '/home/root/server/SC2.0/build/CMakeFiles/CMakeTmp'


Detecting C compiler ABI info compiled with the following output:
Change Dir: /home/root/server/SC2.0/build/CMakeFiles/CMakeTmp

Run Build Command:"/usr/bin/make" "cmTC_91878/fast"
/usr/bin/make -f CMakeFiles/cmTC_91878.dir/build.make CMakeFiles/cmTC_91878.dir/build
make[1]: Entering directory '/home/root/server/SC2.0/build/CMakeFiles/CMakeTmp'
Building C object CMakeFiles/cmTC_91878.dir/CMakeCCompilerABI.c.o
/usr/bin/cc    -o CMakeFiles/cmTC_91878.dir/CMakeCCompilerABI.c.o   -c /usr/share/cmake-3.3/Modules/CMakeCCompilerABI.c
Linking C executable cmTC_91878
/usr/bin/cmake -E cmake_link_script CMakeFiles/cmTC_91878.dir/link.txt --verbose=1
/usr/bin/cc      -v CMakeFiles/cmTC_91878.dir/CMakeCCompilerABI.c.o  -o cmTC_91878 -rdynamic  
Using built-in specs.
COLLECT_GCC=/usr/bin/cc
COLLECT_LTO_WRAPPER=/usr/lib/gcc/gcc/i586-poky-linux/4.9.1/lto-wrapper
Target: i586-poky-linux
Configured with: /export/users/neck/iotdk_3.5_dev/workdir/build_edison/tmp/work-shared/gcc-4.9.1-r0/gcc-4.9.1/configure --build=x86_64-linux --host=i586-poky-linux --target=i586-poky-linux --prefix=/usr --exec_prefix=/usr --bindir=/usr/bin --sbindir=/usr/sbin --libexecdir=/usr/lib/gcc --datadir=/usr/share --sysconfdir=/etc --sharedstatedir=/com --localstatedir=/var --libdir=/usr/lib --includedir=/usr/include --oldincludedir=/usr/include --infodir=/usr/share/info --mandir=/usr/share/man --disable-silent-rules --disable-dependency-tracking --with-libtool-sysroot=/export/users/neck/iotdk_3.5_dev/workdir/build_edison/tmp/sysroots/edison --with-gnu-ld --enable-shared --enable-languages=c,c++ --enable-threads=posix --enable-multilib --enable-c99 --enable-long-long --enable-symvers=gnu --enable-libstdcxx-pch --program-prefix=i586-poky-linux- --without-local-prefix --enable-target-optspace --enable-lto --enable-libssp --disable-bootstrap --disable-libmudflap --with-system-zlib --with-linker-hash-style=gnu --enable-linker-build-id --with-ppl=no --with-cloog=no --enable-checking=release --enable-cheaders=c_global --with-sysroot=/ --with-build-sysroot=/export/users/neck/iotdk_3.5_dev/workdir/build_edison/tmp/sysroots/edison --with-native-system-header-dir=/export/users/neck/iotdk_3.5_dev/workdir/build_edison/tmp/sysroots/edison/usr/include --with-gxx-include-dir=/usr/include/c++/4.9.1 --enable-nls --enable-__cxa_atexit
Thread model: posix
gcc version 4.9.1 (GCC) 
COMPILER_PATH=/usr/lib/gcc/gcc/i586-poky-linux/4.9.1/:/usr/lib/gcc/gcc/i586-poky-linux/4.9.1/:/usr/lib/gcc/gcc/i586-poky-linux/:/usr/lib/gcc/i586-poky-linux/4.9.1/:/usr/lib/gcc/i586-poky-linux/:/usr/lib/gcc/i586-poky-linux/4.9.1/../../../../i586-poky-linux/bin/
LIBRARY_PATH=/usr/lib/gcc/i586-poky-linux/4.9.1/:/usr/lib/gcc/i586-poky-linux/4.9.1/../../../i586-poky-linux/4.9.1/:/usr/lib/gcc/i586-poky-linux/4.9.1/../../../:/lib/:/usr/lib/i586-poky-linux/4.9.1/:/usr/lib/
COLLECT_GCC_OPTIONS='-v' '-o' 'cmTC_91878' '-rdynamic' '-mtune=pentium' '-march=pentium'
 /usr/lib/gcc/gcc/i586-poky-linux/4.9.1/collect2 -plugin /usr/lib/gcc/gcc/i586-poky-linux/4.9.1/liblto_plugin.so -plugin-opt=/usr/lib/gcc/gcc/i586-poky-linux/4.9.1/lto-wrapper -plugin-opt=-fresolution=/tmp/ccM2mX8h.res -plugin-opt=-pass-through=-lgcc -plugin-opt=-pass-through=-lgcc_s -plugin-opt=-pass-through=-lc -plugin-opt=-pass-through=-lgcc -plugin-opt=-pass-through=-lgcc_s --sysroot=/ --build-id --eh-frame-hdr --hash-style=gnu -m elf_i386 -export-dynamic -dynamic-linker /lib/ld-linux.so.2 -o cmTC_91878 /usr/lib/gcc/i586-poky-linux/4.9.1/../../../crt1.o /usr/lib/gcc/i586-poky-linux/4.9.1/../../../crti.o /usr/lib/gcc/i586-poky-linux/4.9.1/../../../i586-poky-linux/4.9.1/crtbegin.o -L/usr/lib/gcc/i586-poky-linux/4.9.1 -L/usr/lib/gcc/i586-poky-linux/4.9.1/../../../i586-poky-linux/4.9.1 -L/usr/lib/gcc/i586-poky-linux/4.9.1/../../.. -L/usr/lib/i586-poky-linux/4.9.1 CMakeFiles/cmTC_91878.dir/CMakeCCompilerABI.c.o -lgcc --as-needed -lgcc_s --no-as-needed -lc -lgcc --as-needed -lgcc_s --no-as-needed /usr/lib/gcc/i586-poky-linux/4.9.1/../../../i586-poky-linux/4.9.1/crtend.o /usr/lib/gcc/i586-poky-linux/4.9.1/../../../crtn.o
make[1]: Leaving directory '/home/root/server/SC2.0/build/CMakeFiles/CMakeTmp'


Parsed C implicit link information from above output:
  link line regex: [^( *|.*[/\])(ld|([^/\]+-)?ld|collect2)[^/\]*( |$)]
  ignore line: [Change Dir: /home/root/server/SC2.0/build/CMakeFiles/CMakeTmp]
  ignore line: []
  ignore line: [Run Build Command:"/usr/bin/make" "cmTC_91878/fast"]
  ignore line: [/usr/bin/make -f CMakeFiles/cmTC_91878.dir/build.make CMakeFiles/cmTC_91878.dir/build]
  ignore line: [make[1]: Entering directory '/home/root/server/SC2.0/build/CMakeFiles/CMakeTmp']
  ignore line: [Building C object CMakeFiles/cmTC_91878.dir/CMakeCCompilerABI.c.o]
  ignore line: [/usr/bin/cc    -o CMakeFiles/cmTC_91878.dir/CMakeCCompilerABI.c.o   -c /usr/share/cmake-3.3/Modules/CMakeCCompilerABI.c]
  ignore line: [Linking C executable cmTC_91878]
  ignore line: [/usr/bin/cmake -E cmake_link_script CMakeFiles/cmTC_91878.dir/link.txt --verbose=1]
  ignore line: [/usr/bin/cc      -v CMakeFiles/cmTC_91878.dir/CMakeCCompilerABI.c.o  -o cmTC_91878 -rdynamic  ]
  ignore line: [Using built-in specs.]
  ignore line: [COLLECT_GCC=/usr/bin/cc]
  ignore line: [COLLECT_LTO_WRAPPER=/usr/lib/gcc/gcc/i586-poky-linux/4.9.1/lto-wrapper]
  ignore line: [Target: i586-poky-linux]
  ignore line: [Configured with: /export/users/neck/iotdk_3.5_dev/workdir/build_edison/tmp/work-shared/gcc-4.9.1-r0/gcc-4.9.1/configure --build=x86_64-linux --host=i586-poky-linux --target=i586-poky-linux --prefix=/usr --exec_prefix=/usr --bindir=/usr/bin --sbindir=/usr/sbin --libexecdir=/usr/lib/gcc --datadir=/usr/share --sysconfdir=/etc --sharedstatedir=/com --localstatedir=/var --libdir=/usr/lib --includedir=/usr/include --oldincludedir=/usr/include --infodir=/usr/share/info --mandir=/usr/share/man --disable-silent-rules --disable-dependency-tracking --with-libtool-sysroot=/export/users/neck/iotdk_3.5_dev/workdir/build_edison/tmp/sysroots/edison --with-gnu-ld --enable-shared --enable-languages=c,c++ --enable-threads=posix --enable-multilib --enable-c99 --enable-long-long --enable-symvers=gnu --enable-libstdcxx-pch --program-prefix=i586-poky-linux- --without-local-prefix --enable-target-optspace --enable-lto --enable-libssp --disable-bootstrap --disable-libmudflap --with-system-zlib --with-linker-hash-style=gnu --enable-linker-build-id --with-ppl=no --with-cloog=no --enable-checking=release --enable-cheaders=c_global --with-sysroot=/ --with-build-sysroot=/export/users/neck/iotdk_3.5_dev/workdir/build_edison/tmp/sysroots/edison --with-native-system-header-dir=/export/users/neck/iotdk_3.5_dev/workdir/build_edison/tmp/sysroots/edison/usr/include --with-gxx-include-dir=/usr/include/c++/4.9.1 --enable-nls --enable-__cxa_atexit]
  ignore line: [Thread model: posix]
  ignore line: [gcc version 4.9.1 (GCC) ]
  ignore line: [COMPILER_PATH=/usr/lib/gcc/gcc/i586-poky-linux/4.9.1/:/usr/lib/gcc/gcc/i586-poky-linux/4.9.1/:/usr/lib/gcc/gcc/i586-poky-linux/:/usr/lib/gcc/i586-poky-linux/4.9.1/:/usr/lib/gcc/i586-poky-linux/:/usr/lib/gcc/i586-poky-linux/4.9.1/../../../../i586-poky-linux/bin/]
  ignore line: [LIBRARY_PATH=/usr/lib/gcc/i586-poky-linux/4.9.1/:/usr/lib/gcc/i586-poky-linux/4.9.1/../../../i586-poky-linux/4.9.1/:/usr/lib/gcc/i586-poky-linux/4.9.1/../../../:/lib/:/usr/lib/i586-poky-linux/4.9.1/:/usr/lib/]
  ignore line: [COLLECT_GCC_OPTIONS='-v' '-o' 'cmTC_91878' '-rdynamic' '-mtune=pentium' '-march=pentium']
  link line: [ /usr/lib/gcc/gcc/i586-poky-linux/4.9.1/collect2 -plugin /usr/lib/gcc/gcc/i586-poky-linux/4.9.1/liblto_plugin.so -plugin-opt=/usr/lib/gcc/gcc/i586-poky-linux/4.9.1/lto-wrapper -plugin-opt=-fresolution=/tmp/ccM2mX8h.res -plugin-opt=-pass-through=-lgcc -plugin-opt=-pass-through=-lgcc_s -plugin-opt=-pass-through=-lc -plugin-opt=-pass-through=-lgcc -plugin-opt=-pass-through=-lgcc_s --sysroot=/ --build-id --eh-frame-hdr --hash-style=gnu -m elf_i386 -export-dynamic -dynamic-linker /lib/ld-linux.so.2 -o cmTC_91878 /usr/lib/gcc/i586-poky-linux/4.9.1/../../../crt1.o /usr/lib/gcc/i586-poky-linux/4.9.1/../../../crti.o /usr/lib/gcc/i586-poky-linux/4.9.1/../../../i586-poky-linux/4.9.1/crtbegin.o -L/usr/lib/gcc/i586-poky-linux/4.9.1 -L/usr/lib/gcc/i586-poky-linux/4.9.1/../../../i586-poky-linux/4.9.1 -L/usr/lib/gcc/i586-poky-linux/4.9.1/../../.. -L/usr/lib/i586-poky-linux/4.9.1 CMakeFiles/cmTC_91878.dir/CMakeCCompilerABI.c.o -lgcc --as-needed -lgcc_s --no-as-needed -lc -lgcc --as-needed -lgcc_s --no-as-needed /usr/lib/gcc/i586-poky-linux/4.9.1/../../../i586-poky-linux/4.9.1/crtend.o /usr/lib/gcc/i586-poky-linux/4.9.1/../../../crtn.o]
    arg [/usr/lib/gcc/gcc/i586-poky-linux/4.9.1/collect2] ==> ignore
    arg [-plugin] ==> ignore
    arg [/usr/lib/gcc/gcc/i586-poky-linux/4.9.1/liblto_plugin.so] ==> ignore
    arg [-plugin-opt=/usr/lib/gcc/gcc/i586-poky-linux/4.9.1/lto-wrapper] ==> ignore
    arg [-plugin-opt=-fresolution=/tmp/ccM2mX8h.res] ==> ignore
    arg [-plugin-opt=-pass-through=-lgcc] ==> ignore
    arg [-plugin-opt=-pass-through=-lgcc_s] ==> ignore
    arg [-plugin-opt=-pass-through=-lc] ==> ignore
    arg [-plugin-opt=-pass-through=-lgcc] ==> ignore
    arg [-plugin-opt=-pass-through=-lgcc_s] ==> ignore
    arg [--sysroot=/] ==> ignore
    arg [--build-id] ==> ignore
    arg [--eh-frame-hdr] ==> ignore
    arg [--hash-style=gnu] ==> ignore
    arg [-m] ==> ignore
    arg [elf_i386] ==> ignore
    arg [-export-dynamic] ==> ignore
    arg [-dynamic-linker] ==> ignore
    arg [/lib/ld-linux.so.2] ==> ignore
    arg [-o] ==> ignore
    arg [cmTC_91878] ==> ignore
    arg [/usr/lib/gcc/i586-poky-linux/4.9.1/../../../crt1.o] ==> ignore
    arg [/usr/lib/gcc/i586-poky-linux/4.9.1/../../../crti.o] ==> ignore
    arg [/usr/lib/gcc/i586-poky-linux/4.9.1/../../../i586-poky-linux/4.9.1/crtbegin.o] ==> ignore
    arg [-L/usr/lib/gcc/i586-poky-linux/4.9.1] ==> dir [/usr/lib/gcc/i586-poky-linux/4.9.1]
    arg [-L/usr/lib/gcc/i586-poky-linux/4.9.1/../../../i586-poky-linux/4.9.1] ==> dir [/usr/lib/gcc/i586-poky-linux/4.9.1/../../../i586-poky-linux/4.9.1]
    arg [-L/usr/lib/gcc/i586-poky-linux/4.9.1/../../..] ==> dir [/usr/lib/gcc/i586-poky-linux/4.9.1/../../..]
    arg [-L/usr/lib/i586-poky-linux/4.9.1] ==> dir [/usr/lib/i586-poky-linux/4.9.1]
    arg [CMakeFiles/cmTC_91878.dir/CMakeCCompilerABI.c.o] ==> ignore
    arg [-lgcc] ==> lib [gcc]
    arg [--as-needed] ==> ignore
    arg [-lgcc_s] ==> lib [gcc_s]
    arg [--no-as-needed] ==> ignore
    arg [-lc] ==> lib [c]
    arg [-lgcc] ==> lib [gcc]
    arg [--as-needed] ==> ignore
    arg [-lgcc_s] ==> lib [gcc_s]
    arg [--no-as-needed] ==> ignore
    arg [/usr/lib/gcc/i586-poky-linux/4.9.1/../../../i586-poky-linux/4.9.1/crtend.o] ==> ignore
    arg [/usr/lib/gcc/i586-poky-linux/4.9.1/../../../crtn.o] ==> ignore
  remove lib [gcc]
  remove lib [gcc_s]
  remove lib [gcc]
  remove lib [gcc_s]
  collapse library dir [/usr/lib/gcc/i586-poky-linux/4.9.1] ==> [/usr/lib/gcc/i586-poky-linux/4.9.1]
  collapse library dir [/usr/lib/gcc/i586-poky-linux/4.9.1/../../../i586-poky-linux/4.9.1] ==> [/usr/lib/i586-poky-linux/4.9.1]
  collapse library dir [/usr/lib/gcc/i586-poky-linux/4.9.1/../../..] ==> [/usr/lib]
  collapse library dir [/usr/lib/i586-poky-linux/4.9.1] ==> [/usr/lib/i586-poky-linux/4.9.1]
  implicit libs: [c]
  implicit dirs: [/usr/lib/gcc/i586-poky-linux/4.9.1;/usr/lib/i586-poky-linux/4.9.1;/usr/lib]
  implicit fwks: []




Detecting C [-std=c11] compiler features compiled with the following output:
Change Dir: /home/root/server/SC2.0/build/CMakeFiles/CMakeTmp

Run Build Command:"/usr/bin/make" "cmTC_e90d6/fast"
/usr/bin/make -f CMakeFiles/cmTC_e90d6.dir/build.make CMakeFiles/cmTC_e90d6.dir/build
make[1]: Entering directory '/home/root/server/SC2.0/build/CMakeFiles/CMakeTmp'
Building C object CMakeFiles/cmTC_e90d6.dir/feature_tests.c.o
/usr/bin/cc   -std=c11 -o CMakeFiles/cmTC_e90d6.dir/feature_tests.c.o   -c /home/root/server/SC2.0/build/CMakeFiles/feature_tests.c
Linking C executable cmTC_e90d6
/usr/bin/cmake -E cmake_link_script CMakeFiles/cmTC_e90d6.dir/link.txt --verbose=1
/usr/bin/cc       CMakeFiles/cmTC_e90d6.dir/feature_tests.c.o  -o cmTC_e90d6 -rdynamic 
make[1]: Leaving directory '/home/root/server/SC2.0/build/CMakeFiles/CMakeTmp'


    Feature record: C_FEATURE:1c_function_prototypes
    Feature record: C_FEATURE:1c_restrict
    Feature record: C_FEATURE:1c_static_assert
    Feature record: C_FEATURE:1c_variadic_macros


Detecting C [-std=c99] compiler features compiled with the following output:
Change Dir: /home/root/server/SC2.0/build/CMakeFiles/CMakeTmp

Run Build Command:"/usr/bin/make" "cmTC_6e7b3/fast"
/usr/bin/make -f CMakeFiles/cmTC_6e7b3.dir/build.make CMakeFiles/cmTC_6e7b3.dir/build
make[1]: Entering directory '/home/root/server/SC2.0/build/CMakeFiles/CMakeTmp'
Building C object CMakeFiles/cmTC_6e7b3.dir/feature_tests.c.o
/usr/bin/cc   -std=c99 -o CMakeFiles/cmTC_6e7b3.dir/feature_tests.c.o   -c /home/root/server/SC2.0/build/CMakeFiles/feature_tests.c
Linking C executable cmTC_6e7b3
/usr/bin/cmake -E cmake_link_script CMakeFiles/cmTC_6e7b3.dir/link.txt --verbose=1
/usr/bin/cc       CMakeFiles/cmTC_6e7b3.dir/feature_tests.c.o  -o cmTC_6e7b3 -rdynamic 
make[1]: Leaving directory '/home/root/server/SC2.0/build/CMakeFiles/CMakeTmp'


    Feature record: C_FEATURE:1c_function_prototypes
    Feature record: C_FEATURE:1c_restrict
    Feature record: C_FEATURE:0c_static_assert
    Feature record: C_FEATURE:1c_variadic_macros


Detecting C [-std=c90] compiler features compiled with the following output:
Change Dir: /home/root/server/SC2.0/build/CMakeFiles/CMakeTmp

Run Build Command:"/usr/bin/make" "cmTC_5e53c/fast"
/usr/bin/make -f CMakeFiles/cmTC_5e53c.dir/build.make CMakeFiles/cmTC_5e53c.dir/build
make[1]: Entering directory '/home/root/server/SC2.0/build/CMakeFiles/CMakeTmp'
Building C object CMakeFiles/cmTC_5e53c.dir/feature_tests.c.o
/usr/bin/cc   -std=c90 -o CMakeFiles/cmTC_5e53c.dir/feature_tests.c.o   -c /home/root/server/SC2.0/build/CMakeFiles/feature_tests.c
Linking C executable cmTC_5e53c
/usr/bin/cmake -E cmake_link_script CMakeFiles/cmTC_5e53c.dir/link.txt --verbose=1
/usr/bin/cc       CMakeFiles/cmTC_5e53c.dir/feature_tests.c.o  -o cmTC_5e53c -rdynamic 
make[1]: Leaving directory '/home/root/server/SC2.0/build/CMakeFiles/CMakeTmp'


    Feature record: C_FEATURE:1c_function_prototypes
    Feature record: C_FEATURE:0c_restrict
    Feature record: C_FEATURE:0c_static_assert
    Feature record: C_FEATURE:0c_variadic_macros
Determining if the CXX compiler works passed with the following output:
Change Dir: /home/root/server/SC2.0/build/CMakeFiles/CMakeTmp

Run Build Command:"/usr/bin/make" "cmTC_417d6/fast"
/usr/bin/make -f CMakeFiles/cmTC_417d6.dir/build.make CMakeFiles/cmTC_417d6.dir/build
make[1]: Entering directory '/home/root/server/SC2.0/build/CMakeFiles/CMakeTmp'
Building CXX object CMakeFiles/cmTC_417d6.dir/testCXXCompiler.cxx.o
/usr/bin/c++     -o CMakeFiles/cmTC_417d6.dir/testCXXCompiler.cxx.o -c /home/root/server/SC2.0/build/CMakeFiles/CMakeTmp/testCXXCompiler.cxx
Linking CXX executable cmTC_417d6
/usr/bin/cmake -E cmake_link_script CMakeFiles/cmTC_417d6.dir/link.txt --verbose=1
/usr/bin/c++        CMakeFiles/cmTC_417d6.dir/testCXXCompiler.cxx.o  -o cmTC_417d6 -rdynamic 
make[1]: Leaving directory '/home/root/server/SC2.0/build/CMakeFiles/CMakeTmp'


Detecting CXX compiler ABI info compiled with the following output:
Change Dir: /home/root/server/SC2.0/build/CMakeFiles/CMakeTmp

Run Build Command:"/usr/bin/make" "cmTC_1c1cf/fast"
/usr/bin/make -f CMakeFiles/cmTC_1c1cf.dir/build.make CMakeFiles/cmTC_1c1cf.dir/build
make[1]: Entering directory '/home/root/server/SC2.0/build/CMakeFiles/CMakeTmp'
Building CXX object CMakeFiles/cmTC_1c1cf.dir/CMakeCXXCompilerABI.cpp.o
/usr/bin/c++     -o CMakeFiles/cmTC_1c1cf.dir/CMakeCXXCompilerABI.cpp.o -c /usr/share/cmake-3.3/Modules/CMakeCXXCompilerABI.cpp
Linking CXX executable cmTC_1c1cf
/usr/bin/cmake -E cmake_link_script CMakeFiles/cmTC_1c1cf.dir/link.txt --verbose=1
/usr/bin/c++       -v CMakeFiles/cmTC_1c1cf.dir/CMakeCXXCompilerABI.cpp.o  -o cmTC_1c1cf -rdynamic  
Using built-in specs.
COLLECT_GCC=/usr/bin/c++
COLLECT_LTO_WRAPPER=/usr/lib/gcc/gcc/i586-poky-linux/4.9.1/lto-wrapper
Target: i586-poky-linux
Configured with: /export/users/neck/iotdk_3.5_dev/workdir/build_edison/tmp/work-shared/gcc-4.9.1-r0/gcc-4.9.1/configure --build=x86_64-linux --host=i586-poky-linux --target=i586-poky-linux --prefix=/usr --exec_prefix=/usr --bindir=/usr/bin --sbindir=/usr/sbin --libexecdir=/usr/lib/gcc --datadir=/usr/share --sysconfdir=/etc --sharedstatedir=/com --localstatedir=/var --libdir=/usr/lib --includedir=/usr/include --oldincludedir=/usr/include --infodir=/usr/share/info --mandir=/usr/share/man --disable-silent-rules --disable-dependency-tracking --with-libtool-sysroot=/export/users/neck/iotdk_3.5_dev/workdir/build_edison/tmp/sysroots/edison --with-gnu-ld --enable-shared --enable-languages=c,c++ --enable-threads=posix --enable-multilib --enable-c99 --enable-long-long --enable-symvers=gnu --enable-libstdcxx-pch --program-prefix=i586-poky-linux- --without-local-prefix --enable-target-optspace --enable-lto --enable-libssp --disable-bootstrap --disable-libmudflap --with-system-zlib --with-linker-hash-style=gnu --enable-linker-build-id --with-ppl=no --with-cloog=no --enable-checking=release --enable-cheaders=c_global --with-sysroot=/ --with-build-sysroot=/export/users/neck/iotdk_3.5_dev/workdir/build_edison/tmp/sysroots/edison --with-native-system-header-dir=/export/users/neck/iotdk_3.5_dev/workdir/build_edison/tmp/sysroots/edison/usr/include --with-gxx-include-dir=/usr/include/c++/4.9.1 --enable-nls --enable-__cxa_atexit
Thread model: posix
gcc version 4.9.1 (GCC) 
COMPILER_PATH=/usr/lib/gcc/gcc/i586-poky-linux/4.9.1/:/usr/lib/gcc/gcc/i586-poky-linux/4.9.1/:/usr/lib/gcc/gcc/i586-poky-linux/:/usr/lib/gcc/i586-poky-linux/4.9.1/:/usr/lib/gcc/i586-poky-linux/:/usr/lib/gcc/i586-poky-linux/4.9.1/../../../../i586-poky-linux/bin/
LIBRARY_PATH=/usr/lib/gcc/i586-poky-linux/4.9.1/:/usr/lib/gcc/i586-poky-linux/4.9.1/../../../i586-poky-linux/4.9.1/:/usr/lib/gcc/i586-poky-linux/4.9.1/../../../:/lib/:/usr/lib/i586-poky-linux/4.9.1/:/usr/lib/
COLLECT_GCC_OPTIONS='-v' '-o' 'cmTC_1c1cf' '-rdynamic' '-shared-libgcc' '-mtune=pentium' '-march=pentium'
 /usr/lib/gcc/gcc/i586-poky-linux/4.9.1/collect2 -plugin /usr/lib/gcc/gcc/i586-poky-linux/4.9.1/liblto_plugin.so -plugin-opt=/usr/lib/gcc/gcc/i586-poky-linux/4.9.1/lto-wrapper -plugin-opt=-fresolution=/tmp/ccOHSwFt.res -plugin-opt=-pass-through=-lgcc_s -plugin-opt=-pass-through=-lgcc -plugin-opt=-pass-through=-lc -plugin-opt=-pass-through=-lgcc_s -plugin-opt=-pass-through=-lgcc --sysroot=/ --build-id --eh-frame-hdr --hash-style=gnu -m elf_i386 -export-dynamic -dynamic-linker /lib/ld-linux.so.2 -o cmTC_1c1cf /usr/lib/gcc/i586-poky-linux/4.9.1/../../../crt1.o /usr/lib/gcc/i586-poky-linux/4.9.1/../../../crti.o /usr/lib/gcc/i586-poky-linux/4.9.1/../../../i586-poky-linux/4.9.1/crtbegin.o -L/usr/lib/gcc/i586-poky-linux/4.9.1 -L/usr/lib/gcc/i586-poky-linux/4.9.1/../../../i586-poky-linux/4.9.1 -L/usr/lib/gcc/i586-poky-linux/4.9.1/../../.. -L/usr/lib/i586-poky-linux/4.9.1 CMakeFiles/cmTC_1c1cf.dir/CMakeCXXCompilerABI.cpp.o -lstdc++ -lm -lgcc_s -lgcc -lc -lgcc_s -lgcc /usr/lib/gcc/i586-poky-linux/4.9.1/../../../i586-poky-linux/4.9.1/crtend.o /usr/lib/gcc/i586-poky-linux/4.9.1/../../../crtn.o
make[1]: Leaving directory '/home/root/server/SC2.0/build/CMakeFiles/CMakeTmp'


Parsed CXX implicit link information from above output:
  link line regex: [^( *|.*[/\])(ld|([^/\]+-)?ld|collect2)[^/\]*( |$)]
  ignore line: [Change Dir: /home/root/server/SC2.0/build/CMakeFiles/CMakeTmp]
  ignore line: []
  ignore line: [Run Build Command:"/usr/bin/make" "cmTC_1c1cf/fast"]
  ignore line: [/usr/bin/make -f CMakeFiles/cmTC_1c1cf.dir/build.make CMakeFiles/cmTC_1c1cf.dir/build]
  ignore line: [make[1]: Entering directory '/home/root/server/SC2.0/build/CMakeFiles/CMakeTmp']
  ignore line: [Building CXX object CMakeFiles/cmTC_1c1cf.dir/CMakeCXXCompilerABI.cpp.o]
  ignore line: [/usr/bin/c++     -o CMakeFiles/cmTC_1c1cf.dir/CMakeCXXCompilerABI.cpp.o -c /usr/share/cmake-3.3/Modules/CMakeCXXCompilerABI.cpp]
  ignore line: [Linking CXX executable cmTC_1c1cf]
  ignore line: [/usr/bin/cmake -E cmake_link_script CMakeFiles/cmTC_1c1cf.dir/link.txt --verbose=1]
  ignore line: [/usr/bin/c++       -v CMakeFiles/cmTC_1c1cf.dir/CMakeCXXCompilerABI.cpp.o  -o cmTC_1c1cf -rdynamic  ]
  ignore line: [Using built-in specs.]
  ignore line: [COLLECT_GCC=/usr/bin/c++]
  ignore line: [COLLECT_LTO_WRAPPER=/usr/lib/gcc/gcc/i586-poky-linux/4.9.1/lto-wrapper]
  ignore line: [Target: i586-poky-linux]
  ignore line: [Configured with: /export/users/neck/iotdk_3.5_dev/workdir/build_edison/tmp/work-shared/gcc-4.9.1-r0/gcc-4.9.1/configure --build=x86_64-linux --host=i586-poky-linux --target=i586-poky-linux --prefix=/usr --exec_prefix=/usr --bindir=/usr/bin --sbindir=/usr/sbin --libexecdir=/usr/lib/gcc --datadir=/usr/share --sysconfdir=/etc --sharedstatedir=/com --localstatedir=/var --libdir=/usr/lib --includedir=/usr/include --oldincludedir=/usr/include --infodir=/usr/share/info --mandir=/usr/share/man --disable-silent-rules --disable-dependency-tracking --with-libtool-sysroot=/export/users/neck/iotdk_3.5_dev/workdir/build_edison/tmp/sysroots/edison --with-gnu-ld --enable-shared --enable-languages=c,c++ --enable-threads=posix --enable-multilib --enable-c99 --enable-long-long --enable-symvers=gnu --enable-libstdcxx-pch --program-prefix=i586-poky-linux- --without-local-prefix --enable-target-optspace --enable-lto --enable-libssp --disable-bootstrap --disable-libmudflap --with-system-zlib --with-linker-hash-style=gnu --enable-linker-build-id --with-ppl=no --with-cloog=no --enable-checking=release --enable-cheaders=c_global --with-sysroot=/ --with-build-sysroot=/export/users/neck/iotdk_3.5_dev/workdir/build_edison/tmp/sysroots/edison --with-native-system-header-dir=/export/users/neck/iotdk_3.5_dev/workdir/build_edison/tmp/sysroots/edison/usr/include --with-gxx-include-dir=/usr/include/c++/4.9.1 --enable-nls --enable-__cxa_atexit]
  ignore line: [Thread model: posix]
  ignore line: [gcc version 4.9.1 (GCC) ]
  ignore line: [COMPILER_PATH=/usr/lib/gcc/gcc/i586-poky-linux/4.9.1/:/usr/lib/gcc/gcc/i586-poky-linux/4.9.1/:/usr/lib/gcc/gcc/i586-poky-linux/:/usr/lib/gcc/i586-poky-linux/4.9.1/:/usr/lib/gcc/i586-poky-linux/:/usr/lib/gcc/i586-poky-linux/4.9.1/../../../../i586-poky-linux/bin/]
  ignore line: [LIBRARY_PATH=/usr/lib/gcc/i586-poky-linux/4.9.1/:/usr/lib/gcc/i586-poky-linux/4.9.1/../../../i586-poky-linux/4.9.1/:/usr/lib/gcc/i586-poky-linux/4.9.1/../../../:/lib/:/usr/lib/i586-poky-linux/4.9.1/:/usr/lib/]
  ignore line: [COLLECT_GCC_OPTIONS='-v' '-o' 'cmTC_1c1cf' '-rdynamic' '-shared-libgcc' '-mtune=pentium' '-march=pentium']
  link line: [ /usr/lib/gcc/gcc/i586-poky-linux/4.9.1/collect2 -plugin /usr/lib/gcc/gcc/i586-poky-linux/4.9.1/liblto_plugin.so -plugin-opt=/usr/lib/gcc/gcc/i586-poky-linux/4.9.1/lto-wrapper -plugin-opt=-fresolution=/tmp/ccOHSwFt.res -plugin-opt=-pass-through=-lgcc_s -plugin-opt=-pass-through=-lgcc -plugin-opt=-pass-through=-lc -plugin-opt=-pass-through=-lgcc_s -plugin-opt=-pass-through=-lgcc --sysroot=/ --build-id --eh-frame-hdr --hash-style=gnu -m elf_i386 -export-dynamic -dynamic-linker /lib/ld-linux.so.2 -o cmTC_1c1cf /usr/lib/gcc/i586-poky-linux/4.9.1/../../../crt1.o /usr/lib/gcc/i586-poky-linux/4.9.1/../../../crti.o /usr/lib/gcc/i586-poky-linux/4.9.1/../../../i586-poky-linux/4.9.1/crtbegin.o -L/usr/lib/gcc/i586-poky-linux/4.9.1 -L/usr/lib/gcc/i586-poky-linux/4.9.1/../../../i586-poky-linux/4.9.1 -L/usr/lib/gcc/i586-poky-linux/4.9.1/../../.. -L/usr/lib/i586-poky-linux/4.9.1 CMakeFiles/cmTC_1c1cf.dir/CMakeCXXCompilerABI.cpp.o -lstdc++ -lm -lgcc_s -lgcc -lc -lgcc_s -lgcc /usr/lib/gcc/i586-poky-linux/4.9.1/../../../i586-poky-linux/4.9.1/crtend.o /usr/lib/gcc/i586-poky-linux/4.9.1/../../../crtn.o]
    arg [/usr/lib/gcc/gcc/i586-poky-linux/4.9.1/collect2] ==> ignore
    arg [-plugin] ==> ignore
    arg [/usr/lib/gcc/gcc/i586-poky-linux/4.9.1/liblto_plugin.so] ==> ignore
    arg [-plugin-opt=/usr/lib/gcc/gcc/i586-poky-linux/4.9.1/lto-wrapper] ==> ignore
    arg [-plugin-opt=-fresolution=/tmp/ccOHSwFt.res] ==> ignore
    arg [-plugin-opt=-pass-through=-lgcc_s] ==> ignore
    arg [-plugin-opt=-pass-through=-lgcc] ==> ignore
    arg [-plugin-opt=-pass-through=-lc] ==> ignore
    arg [-plugin-opt=-pass-through=-lgcc_s] ==> ignore
    arg [-plugin-opt=-pass-through=-lgcc] ==> ignore
    arg [--sysroot=/] ==> ignore
    arg [--build-id] ==> ignore
    arg [--eh-frame-hdr] ==> ignore
    arg [--hash-style=gnu] ==> ignore
    arg [-m] ==> ignore
    arg [elf_i386] ==> ignore
    arg [-export-dynamic] ==> ignore
    arg [-dynamic-linker] ==> ignore
    arg [/lib/ld-linux.so.2] ==> ignore
    arg [-o] ==> ignore
    arg [cmTC_1c1cf] ==> ignore
    arg [/usr/lib/gcc/i586-poky-linux/4.9.1/../../../crt1.o] ==> ignore
    arg [/usr/lib/gcc/i586-poky-linux/4.9.1/../../../crti.o] ==> ignore
    arg [/usr/lib/gcc/i586-poky-linux/4.9.1/../../../i586-poky-linux/4.9.1/crtbegin.o] ==> ignore
    arg [-L/usr/lib/gcc/i586-poky-linux/4.9.1] ==> dir [/usr/lib/gcc/i586-poky-linux/4.9.1]
    arg [-L/usr/lib/gcc/i586-poky-linux/4.9.1/../../../i586-poky-linux/4.9.1] ==> dir [/usr/lib/gcc/i586-poky-linux/4.9.1/../../../i586-poky-linux/4.9.1]
    arg [-L/usr/lib/gcc/i586-poky-linux/4.9.1/../../..] ==> dir [/usr/lib/gcc/i586-poky-linux/4.9.1/../../..]
    arg [-L/usr/lib/i586-poky-linux/4.9.1] ==> dir [/usr/lib/i586-poky-linux/4.9.1]
    arg [CMakeFiles/cmTC_1c1cf.dir/CMakeCXXCompilerABI.cpp.o] ==> ignore
    arg [-lstdc++] ==> lib [stdc++]
    arg [-lm] ==> lib [m]
    arg [-lgcc_s] ==> lib [gcc_s]
    arg [-lgcc] ==> lib [gcc]
    arg [-lc] ==> lib [c]
    arg [-lgcc_s] ==> lib [gcc_s]
    arg [-lgcc] ==> lib [gcc]
    arg [/usr/lib/gcc/i586-poky-linux/4.9.1/../../../i586-poky-linux/4.9.1/crtend.o] ==> ignore
    arg [/usr/lib/gcc/i586-poky-linux/4.9.1/../../../crtn.o] ==> ignore
  remove lib [gcc_s]
  remove lib [gcc]
  remove lib [gcc_s]
  remove lib [gcc]
  collapse library dir [/usr/lib/gcc/i586-poky-linux/4.9.1] ==> [/usr/lib/gcc/i586-poky-linux/4.9.1]
  collapse library dir [/usr/lib/gcc/i586-poky-linux/4.9.1/../../../i586-poky-linux/4.9.1] ==> [/usr/lib/i586-poky-linux/4.9.1]
  collapse library dir [/usr/lib/gcc/i586-poky-linux/4.9.1/../../..] ==> [/usr/lib]
  collapse library dir [/usr/lib/i586-poky-linux/4.9.1] ==> [/usr/lib/i586-poky-linux/4.9.1]
  implicit libs: [stdc++;m;c]
  implicit dirs: [/usr/lib/gcc/i586-poky-linux/4.9.1;/usr/lib/i586-poky-linux/4.9.1;/usr/lib]
  implicit fwks: []




Detecting CXX [-std=c++14] compiler features compiled with the following output:
Change Dir: /home/root/server/SC2.0/build/CMakeFiles/CMakeTmp

Run Build Command:"/usr/bin/make" "cmTC_c6c40/fast"
/usr/bin/make -f CMakeFiles/cmTC_c6c40.dir/build.make CMakeFiles/cmTC_c6c40.dir/build
make[1]: Entering directory '/home/root/server/SC2.0/build/CMakeFiles/CMakeTmp'
Building CXX object CMakeFiles/cmTC_c6c40.dir/feature_tests.cxx.o
/usr/bin/c++    -std=c++14 -o CMakeFiles/cmTC_c6c40.dir/feature_tests.cxx.o -c /home/root/server/SC2.0/build/CMakeFiles/feature_tests.cxx
Linking CXX executable cmTC_c6c40
/usr/bin/cmake -E cmake_link_script CMakeFiles/cmTC_c6c40.dir/link.txt --verbose=1
/usr/bin/c++        CMakeFiles/cmTC_c6c40.dir/feature_tests.cxx.o  -o cmTC_c6c40 -rdynamic 
make[1]: Leaving directory '/home/root/server/SC2.0/build/CMakeFiles/CMakeTmp'


    Feature record: CXX_FEATURE:0cxx_aggregate_default_initializers
    Feature record: CXX_FEATURE:1cxx_alias_templates
    Feature record: CXX_FEATURE:1cxx_alignas
    Feature record: CXX_FEATURE:1cxx_alignof
    Feature record: CXX_FEATURE:1cxx_attributes
    Feature record: CXX_FEATURE:1cxx_attribute_deprecated
    Feature record: CXX_FEATURE:1cxx_auto_type
    Feature record: CXX_FEATURE:1cxx_binary_literals
    Feature record: CXX_FEATURE:1cxx_constexpr
    Feature record: CXX_FEATURE:1cxx_contextual_conversions
    Feature record: CXX_FEATURE:1cxx_decltype
    Feature record: CXX_FEATURE:1cxx_decltype_auto
    Feature record: CXX_FEATURE:1cxx_decltype_incomplete_return_types
    Feature record: CXX_FEATURE:1cxx_default_function_template_args
    Feature record: CXX_FEATURE:1cxx_defaulted_functions
    Feature record: CXX_FEATURE:1cxx_defaulted_move_initializers
    Feature record: CXX_FEATURE:1cxx_delegating_constructors
    Feature record: CXX_FEATURE:1cxx_deleted_functions
    Feature record: CXX_FEATURE:1cxx_digit_separators
    Feature record: CXX_FEATURE:1cxx_enum_forward_declarations
    Feature record: CXX_FEATURE:1cxx_explicit_conversions
    Feature record: CXX_FEATURE:1cxx_extended_friend_declarations
    Feature record: CXX_FEATURE:1cxx_extern_templates
    Feature record: CXX_FEATURE:1cxx_final
    Feature record: CXX_FEATURE:1cxx_func_identifier
    Feature record: CXX_FEATURE:1cxx_generalized_initializers
    Feature record: CXX_FEATURE:1cxx_generic_lambdas
    Feature record: CXX_FEATURE:1cxx_inheriting_constructors
    Feature record: CXX_FEATURE:1cxx_inline_namespaces
    Feature record: CXX_FEATURE:1cxx_lambdas
    Feature record: CXX_FEATURE:1cxx_lambda_init_captures
    Feature record: CXX_FEATURE:1cxx_local_type_template_args
    Feature record: CXX_FEATURE:1cxx_long_long_type
    Feature record: CXX_FEATURE:1cxx_noexcept
    Feature record: CXX_FEATURE:1cxx_nonstatic_member_init
    Feature record: CXX_FEATURE:1cxx_nullptr
    Feature record: CXX_FEATURE:1cxx_override
    Feature record: CXX_FEATURE:1cxx_range_for
    Feature record: CXX_FEATURE:1cxx_raw_string_literals
    Feature record: CXX_FEATURE:1cxx_reference_qualified_functions
    Feature record: CXX_FEATURE:0cxx_relaxed_constexpr
    Feature record: CXX_FEATURE:1cxx_return_type_deduction
    Feature record: CXX_FEATURE:1cxx_right_angle_brackets
    Feature record: CXX_FEATURE:1cxx_rvalue_references
    Feature record: CXX_FEATURE:1cxx_sizeof_member
    Feature record: CXX_FEATURE:1cxx_static_assert
    Feature record: CXX_FEATURE:1cxx_strong_enums
    Feature record: CXX_FEATURE:1cxx_template_template_parameters
    Feature record: CXX_FEATURE:1cxx_thread_local
    Feature record: CXX_FEATURE:1cxx_trailing_return_types
    Feature record: CXX_FEATURE:1cxx_unicode_literals
    Feature record: CXX_FEATURE:1cxx_uniform_initialization
    Feature record: CXX_FEATURE:1cxx_unrestricted_unions
    Feature record: CXX_FEATURE:1cxx_user_literals
    Feature record: CXX_FEATURE:0cxx_variable_templates
    Feature record: CXX_FEATURE:1cxx_variadic_macros
    Feature record: CXX_FEATURE:1cxx_variadic_templates


Detecting CXX [-std=c++11] compiler features compiled with the following output:
Change Dir: /home/root/server/SC2.0/build/CMakeFiles/CMakeTmp

Run Build Command:"/usr/bin/make" "cmTC_8eab1/fast"
/usr/bin/make -f CMakeFiles/cmTC_8eab1.dir/build.make CMakeFiles/cmTC_8eab1.dir/build
make[1]: Entering directory '/home/root/server/SC2.0/build/CMakeFiles/CMakeTmp'
Building CXX object CMakeFiles/cmTC_8eab1.dir/feature_tests.cxx.o
/usr/bin/c++    -std=c++11 -o CMakeFiles/cmTC_8eab1.dir/feature_tests.cxx.o -c /home/root/server/SC2.0/build/CMakeFiles/feature_tests.cxx
Linking CXX executable cmTC_8eab1
/usr/bin/cmake -E cmake_link_script CMakeFiles/cmTC_8eab1.dir/link.txt --verbose=1
/usr/bin/c++        CMakeFiles/cmTC_8eab1.dir/feature_tests.cxx.o  -o cmTC_8eab1 -rdynamic 
make[1]: Leaving directory '/home/root/server/SC2.0/build/CMakeFiles/CMakeTmp'


    Feature record: CXX_FEATURE:0cxx_aggregate_default_initializers
    Feature record: CXX_FEATURE:1cxx_alias_templates
    Feature record: CXX_FEATURE:1cxx_alignas
    Feature record: CXX_FEATURE:1cxx_alignof
    Feature record: CXX_FEATURE:1cxx_attributes
    Feature record: CXX_FEATURE:0cxx_attribute_deprecated
    Feature record: CXX_FEATURE:1cxx_auto_type
    Feature record: CXX_FEATURE:0cxx_binary_literals
    Feature record: CXX_FEATURE:1cxx_constexpr
    Feature record: CXX_FEATURE:0cxx_contextual_conversions
    Feature record: CXX_FEATURE:1cxx_decltype
    Feature record: CXX_FEATURE:0cxx_decltype_auto
    Feature record: CXX_FEATURE:1cxx_decltype_incomplete_return_types
    Feature record: CXX_FEATURE:1cxx_default_function_template_args
    Feature record: CXX_FEATURE:1cxx_defaulted_functions
    Feature record: CXX_FEATURE:1cxx_defaulted_move_initializers
    Feature record: CXX_FEATURE:1cxx_delegating_constructors
    Feature record: CXX_FEATURE:1cxx_deleted_functions
    Feature record: CXX_FEATURE:0cxx_digit_separators
    Feature record: CXX_FEATURE:1cxx_enum_forward_declarations
    Feature record: CXX_FEATURE:1cxx_explicit_conversions
    Feature record: CXX_FEATURE:1cxx_extended_friend_declarations
    Feature record: CXX_FEATURE:1cxx_extern_templates
    Feature record: CXX_FEATURE:1cxx_final
    Feature record: CXX_FEATURE:1cxx_func_identifier
    Feature record: CXX_FEATURE:1cxx_generalized_initializers
    Feature record: CXX_FEATURE:0cxx_generic_lambdas
    Feature record: CXX_FEATURE:1cxx_inheriting_constructors
    Feature record: CXX_FEATURE:1cxx_inline_namespaces
    Feature record: CXX_FEATURE:1cxx_lambdas
    Feature record: CXX_FEATURE:0cxx_lambda_init_captures
    Feature record: CXX_FEATURE:1cxx_local_type_template_args
    Feature record: CXX_FEATURE:1cxx_long_long_type
    Feature record: CXX_FEATURE:1cxx_noexcept
    Feature record: CXX_FEATURE:1cxx_nonstatic_member_init
    Feature record: CXX_FEATURE:1cxx_nullptr
    Feature record: CXX_FEATURE:1cxx_override
    Feature record: CXX_FEATURE:1cxx_range_for
    Feature record: CXX_FEATURE:1cxx_raw_string_literals
    Feature record: CXX_FEATURE:1cxx_reference_qualified_functions
    Feature record: CXX_FEATURE:0cxx_relaxed_constexpr
    Feature record: CXX_FEATURE:0cxx_return_type_deduction
    Feature record: CXX_FEATURE:1cxx_right_angle_brackets
    Feature record: CXX_FEATURE:1cxx_rvalue_references
    Feature record: CXX_FEATURE:1cxx_sizeof_member
    Feature record: CXX_FEATURE:1cxx_static_assert
    Feature record: CXX_FEATURE:1cxx_strong_enums
    Feature record: CXX_FEATURE:1cxx_template_template_parameters
    Feature record: CXX_FEATURE:1cxx_thread_local
    Feature record: CXX_FEATURE:1cxx_trailing_return_types
    Feature record: CXX_FEATURE:1cxx_unicode_literals
    Feature record: CXX_FEATURE:1cxx_uniform_initialization
    Feature record: CXX_FEATURE:1cxx_unrestricted_unions
    Feature record: CXX_FEATURE:1cxx_user_literals
    Feature record: CXX_FEATURE:0cxx_variable_templates
    Feature record: CXX_FEATURE:1cxx_variadic_macros
    Feature record: CXX_FEATURE:1cxx_variadic_templates


Detecting CXX [-std=c++98] compiler features compiled with the following output:
Change Dir: /home/root/server/SC2.0/build/CMakeFiles/CMakeTmp

Run Build Command:"/usr/bin/make" "cmTC_977ad/fast"
/usr/bin/make -f CMakeFiles/cmTC_977ad.dir/build.make CMakeFiles/cmTC_977ad.dir/build
make[1]: Entering directory '/home/root/server/SC2.0/build/CMakeFiles/CMakeTmp'
Building CXX object CMakeFiles/cmTC_977ad.dir/feature_tests.cxx.o
/usr/bin/c++    -std=c++98 -o CMakeFiles/cmTC_977ad.dir/feature_tests.cxx.o -c /home/root/server/SC2.0/build/CMakeFiles/feature_tests.cxx
Linking CXX executable cmTC_977ad
/usr/bin/cmake -E cmake_link_script CMakeFiles/cmTC_977ad.dir/link.txt --verbose=1
/usr/bin/c++        CMakeFiles/cmTC_977ad.dir/feature_tests.cxx.o  -o cmTC_977ad -rdynamic 
make[1]: Leaving directory '/home/root/server/SC2.0/build/CMakeFiles/CMakeTmp'


    Feature record: CXX_FEATURE:0cxx_aggregate_default_initializers
    Feature record: CXX_FEATURE:0cxx_alias_templates
    Feature record: CXX_FEATURE:0cxx_alignas
    Feature record: CXX_FEATURE:0cxx_alignof
    Feature record: CXX_FEATURE:0cxx_attributes
    Feature record: CXX_FEATURE:0cxx_attribute_deprecated
    Feature record: CXX_FEATURE:0cxx_auto_type
    Feature record: CXX_FEATURE:0cxx_binary_literals
    Feature record: CXX_FEATURE:0cxx_constexpr
    Feature record: CXX_FEATURE:0cxx_contextual_conversions
    Feature record: CXX_FEATURE:0cxx_decltype
    Feature record: CXX_FEATURE:0cxx_decltype_auto
    Feature record: CXX_FEATURE:0cxx_decltype_incomplete_return_types
    Feature record: CXX_FEATURE:0cxx_default_function_template_args
    Feature record: CXX_FEATURE:0cxx_defaulted_functions
    Feature record: CXX_FEATURE:0cxx_defaulted_move_initializers
    Feature record: CXX_FEATURE:0cxx_delegating_constructors
    Feature record: CXX_FEATURE:0cxx_deleted_functions
    Feature record: CXX_FEATURE:0cxx_digit_separators
    Feature record: CXX_FEATURE:0cxx_enum_forward_declarations
    Feature record: CXX_FEATURE:0cxx_explicit_conversions
    Feature record: CXX_FEATURE:0cxx_extended_friend_declarations
    Feature record: CXX_FEATURE:0cxx_extern_templates
    Feature record: CXX_FEATURE:0cxx_final
    Feature record: CXX_FEATURE:0cxx_func_identifier
    Feature record: CXX_FEATURE:0cxx_generalized_initializers
    Feature record: CXX_FEATURE:0cxx_generic_lambdas
    Feature record: CXX_FEATURE:0cxx_inheriting_constructors
    Feature record: CXX_FEATURE:0cxx_inline_namespaces
    Feature record: CXX_FEATURE:0cxx_lambdas
    Feature record: CXX_FEATURE:0cxx_lambda_init_captures
    Feature record: CXX_FEATURE:0cxx_local_type_template_args
    Feature record: CXX_FEATURE:0cxx_long_long_type
    Feature record: CXX_FEATURE:0cxx_noexcept
    Feature record: CXX_FEATURE:0cxx_nonstatic_member_init
    Feature record: CXX_FEATURE:0cxx_nullptr
    Feature record: CXX_FEATURE:0cxx_override
    Feature record: CXX_FEATURE:0cxx_range_for
    Feature record: CXX_FEATURE:0cxx_raw_string_literals
    Feature record: CXX_FEATURE:0cxx_reference_qualified_functions
    Feature record: CXX_FEATURE:0cxx_relaxed_constexpr
    Feature record: CXX_FEATURE:0cxx_return_type_deduction
    Feature record: CXX_FEATURE:0cxx_right_angle_brackets
    Feature record: CXX_FEATURE:0cxx_rvalue_references
    Feature record: CXX_FEATURE:0cxx_sizeof_member
    Feature record: CXX_FEATURE:0cxx_static_assert
    Feature record: CXX_FEATURE:0cxx_strong_enums
    Feature record: CXX_FEATURE:1cxx_template_template_parameters
    Feature record: CXX_FEATURE:0cxx_thread_local
    Feature record: CXX_FEATURE:0cxx_trailing_return_types
    Feature record: CXX_FEATURE:0cxx_unicode_literals
    Feature record: CXX_FEATURE:0cxx_uniform_initialization
    Feature record: CXX_FEATURE:0cxx_unrestricted_unions
    Feature record: CXX_FEATURE:0cxx_user_literals
    Feature record: CXX_FEATURE:0cxx_variable_templates
    Feature record: CXX_FEATURE:0cxx_variadic_macros
    Feature record: CXX_FEATURE:0cxx_variadic_templates
